0 info it worked if it ends with ok
1 verbose cli [ '/usr/local/bin/node',
1 verbose cli   '/usr/local/bin/npm',
1 verbose cli   'install',
1 verbose cli   'my-engine-smith@latest',
1 verbose cli   '--save-dev' ]
2 info using npm@2.14.2
3 info using node@v4.0.0
4 verbose install initial load of /Users/Hyde1942/Desktop/hyde1942.github.io/package.json
5 verbose installManyTop reading scoped package data from /Users/Hyde1942/Desktop/hyde1942.github.io/node_modules/autoprefixer/package.json
6 verbose installManyTop reading scoped package data from /Users/Hyde1942/Desktop/hyde1942.github.io/node_modules/grunt/package.json
7 verbose installManyTop reading scoped package data from /Users/Hyde1942/Desktop/hyde1942.github.io/node_modules/grunt-babel/package.json
8 verbose installManyTop reading scoped package data from /Users/Hyde1942/Desktop/hyde1942.github.io/node_modules/grunt-browser-sync/package.json
9 verbose installManyTop reading scoped package data from /Users/Hyde1942/Desktop/hyde1942.github.io/node_modules/grunt-concurrent/package.json
10 verbose installManyTop reading scoped package data from /Users/Hyde1942/Desktop/hyde1942.github.io/node_modules/grunt-contrib-clean/package.json
11 verbose installManyTop reading scoped package data from /Users/Hyde1942/Desktop/hyde1942.github.io/node_modules/grunt-contrib-concat/package.json
12 verbose installManyTop reading scoped package data from /Users/Hyde1942/Desktop/hyde1942.github.io/node_modules/grunt-contrib-copy/package.json
13 verbose installManyTop reading scoped package data from /Users/Hyde1942/Desktop/hyde1942.github.io/node_modules/grunt-contrib-cssmin/package.json
14 verbose installManyTop reading scoped package data from /Users/Hyde1942/Desktop/hyde1942.github.io/node_modules/grunt-contrib-htmlmin/package.json
15 verbose installManyTop reading scoped package data from /Users/Hyde1942/Desktop/hyde1942.github.io/node_modules/grunt-contrib-imagemin/package.json
16 verbose installManyTop reading scoped package data from /Users/Hyde1942/Desktop/hyde1942.github.io/node_modules/grunt-contrib-uglify/package.json
17 verbose installManyTop reading scoped package data from /Users/Hyde1942/Desktop/hyde1942.github.io/node_modules/grunt-contrib-watch/package.json
18 verbose installManyTop reading scoped package data from /Users/Hyde1942/Desktop/hyde1942.github.io/node_modules/grunt-eslint/package.json
19 verbose installManyTop reading scoped package data from /Users/Hyde1942/Desktop/hyde1942.github.io/node_modules/grunt-filerev/package.json
20 verbose installManyTop reading scoped package data from /Users/Hyde1942/Desktop/hyde1942.github.io/node_modules/grunt-mocha/package.json
21 verbose installManyTop reading scoped package data from /Users/Hyde1942/Desktop/hyde1942.github.io/node_modules/grunt-modernizr/package.json
22 verbose installManyTop reading scoped package data from /Users/Hyde1942/Desktop/hyde1942.github.io/node_modules/grunt-newer/package.json
23 verbose installManyTop reading scoped package data from /Users/Hyde1942/Desktop/hyde1942.github.io/node_modules/grunt-postcss/package.json
24 verbose installManyTop reading scoped package data from /Users/Hyde1942/Desktop/hyde1942.github.io/node_modules/grunt-sass/package.json
25 verbose installManyTop reading scoped package data from /Users/Hyde1942/Desktop/hyde1942.github.io/node_modules/grunt-spritesmith/package.json
26 verbose installManyTop reading scoped package data from /Users/Hyde1942/Desktop/hyde1942.github.io/node_modules/grunt-svgmin/package.json
27 verbose installManyTop reading scoped package data from /Users/Hyde1942/Desktop/hyde1942.github.io/node_modules/grunt-usemin/package.json
28 verbose installManyTop reading scoped package data from /Users/Hyde1942/Desktop/hyde1942.github.io/node_modules/grunt-wiredep/package.json
29 verbose installManyTop reading scoped package data from /Users/Hyde1942/Desktop/hyde1942.github.io/node_modules/jit-grunt/package.json
30 verbose installManyTop reading scoped package data from /Users/Hyde1942/Desktop/hyde1942.github.io/node_modules/time-grunt/package.json
31 verbose readDependencies loading dependencies from /Users/Hyde1942/Desktop/hyde1942.github.io/package.json
32 silly cache add args [ 'my-engine-smith@latest', null ]
33 verbose cache add spec my-engine-smith@latest
34 silly cache add parsed spec Result {
34 silly cache add   raw: 'my-engine-smith@latest',
34 silly cache add   scope: null,
34 silly cache add   name: 'my-engine-smith',
34 silly cache add   rawSpec: 'latest',
34 silly cache add   spec: 'latest',
34 silly cache add   type: 'tag' }
35 silly addNamed my-engine-smith@latest
36 verbose addNamed "latest" is being treated as a dist-tag for my-engine-smith
37 info addNameTag [ 'my-engine-smith', 'latest' ]
38 silly mapToRegistry name my-engine-smith
39 silly mapToRegistry using default registry
40 silly mapToRegistry registry https://registry.npmjs.org/
41 silly mapToRegistry uri https://registry.npmjs.org/my-engine-smith
42 verbose addNameTag registry:https://registry.npmjs.org/my-engine-smith not in flight; fetching
43 verbose request uri https://registry.npmjs.org/my-engine-smith
44 verbose request no auth needed
45 info attempt registry request try #1 at 10:43:56 PM
46 verbose request id b74702e037bf04d1
47 http request GET https://registry.npmjs.org/my-engine-smith
48 http 404 https://registry.npmjs.org/my-engine-smith
49 verbose headers { 'content-type': 'application/json',
49 verbose headers   'cache-control': 'max-age=0',
49 verbose headers   'content-length': '2',
49 verbose headers   'accept-ranges': 'bytes',
49 verbose headers   date: 'Thu, 16 Jun 2016 04:43:56 GMT',
49 verbose headers   via: '1.1 varnish',
49 verbose headers   age: '0',
49 verbose headers   connection: 'keep-alive',
49 verbose headers   'x-served-by': 'cache-atl6225-ATL',
49 verbose headers   'x-cache': 'MISS',
49 verbose headers   'x-cache-hits': '0',
49 verbose headers   'x-timer': 'S1466052236.613319,VS0,VE364',
49 verbose headers   vary: 'Accept-Encoding' }
50 silly get cb [ 404,
50 silly get   { 'content-type': 'application/json',
50 silly get     'cache-control': 'max-age=0',
50 silly get     'content-length': '2',
50 silly get     'accept-ranges': 'bytes',
50 silly get     date: 'Thu, 16 Jun 2016 04:43:56 GMT',
50 silly get     via: '1.1 varnish',
50 silly get     age: '0',
50 silly get     connection: 'keep-alive',
50 silly get     'x-served-by': 'cache-atl6225-ATL',
50 silly get     'x-cache': 'MISS',
50 silly get     'x-cache-hits': '0',
50 silly get     'x-timer': 'S1466052236.613319,VS0,VE364',
50 silly get     vary: 'Accept-Encoding' } ]
51 verbose stack Error: Registry returned 404 for GET on https://registry.npmjs.org/my-engine-smith
51 verbose stack     at makeError (/usr/local/lib/node_modules/npm/node_modules/npm-registry-client/lib/request.js:263:12)
51 verbose stack     at CachingRegistryClient.<anonymous> (/usr/local/lib/node_modules/npm/node_modules/npm-registry-client/lib/request.js:241:14)
51 verbose stack     at Request._callback (/usr/local/lib/node_modules/npm/node_modules/npm-registry-client/lib/request.js:171:14)
51 verbose stack     at Request.self.callback (/usr/local/lib/node_modules/npm/node_modules/request/request.js:198:22)
51 verbose stack     at emitTwo (events.js:87:13)
51 verbose stack     at Request.emit (events.js:172:7)
51 verbose stack     at Request.<anonymous> (/usr/local/lib/node_modules/npm/node_modules/request/request.js:1073:14)
51 verbose stack     at emitOne (events.js:82:20)
51 verbose stack     at Request.emit (events.js:169:7)
51 verbose stack     at IncomingMessage.<anonymous> (/usr/local/lib/node_modules/npm/node_modules/request/request.js:1019:12)
52 verbose statusCode 404
53 verbose pkgid my-engine-smith
54 verbose cwd /Users/Hyde1942/Desktop/hyde1942.github.io
55 error Darwin 15.5.0
56 error argv "/usr/local/bin/node" "/usr/local/bin/npm" "install" "my-engine-smith@latest" "--save-dev"
57 error node v4.0.0
58 error npm  v2.14.2
59 error code E404
60 error 404 Registry returned 404 for GET on https://registry.npmjs.org/my-engine-smith
60 error 404
60 error 404 'my-engine-smith' is not in the npm registry.
60 error 404 You should bug the author to publish it (or use the name yourself!)
60 error 404
60 error 404 Note that you can also install from a
60 error 404 tarball, folder, http url, or git url.
61 verbose exit [ 1, true ]
